
----------------------------------
Using stored unhandled routes!.
   To discover new routes in the angular app use "npm run scully -- --scanRoutes"
----------------------------------

----------------------------------
Using stored unhandled routes!.
   To discover new routes in the angular app use "npm run scully -- --scanRoutes"
----------------------------------

----------------------------------
Using stored unhandled routes!.
   To discover new routes in the angular app use "npm run scully -- --scanRoutes"
----------------------------------
 The render plugin "combineStylesAmpPlugin has thrown the below error,
              while trying to render route "/"
              Scully will exitTypeError: Cannot read property 'undefinedRoute_Config_Data__' of undefined


----------------------------------
Using stored unhandled routes!.
   To discover new routes in the angular app use "npm run scully -- --scanRoutes"
----------------------------------
 The render plugin "combineStylesAmpPlugin has thrown the below error,
              while trying to render route "/"
              Scully will exitTypeError: Cannot read property 'undefinedRoute_Config_Data__' of undefined


----------------------------------
Using stored unhandled routes!.
   To discover new routes in the angular app use "npm run scully -- --scanRoutes"
----------------------------------
 The render plugin "combineStylesAmpPlugin has thrown the below error,
              while trying to render route "/"
              Scully will exitTypeError: Cannot read property 'undefinedRoute_Config_Data__' of undefined


----------------------------------
Using stored unhandled routes!.
   To discover new routes in the angular app use "npm run scully -- --scanRoutes"
----------------------------------
 The render plugin "combineStylesAmpPlugin has thrown the below error,
              while trying to render route "/"
              Scully will exitTypeError: Cannot read property 'undefinedRoute_Config_Data__' of undefined


----------------------------------
Using stored unhandled routes!.
   To discover new routes in the angular app use "npm run scully -- --scanRoutes"
----------------------------------
 The render plugin "combineStylesAmpPlugin has thrown the below error,
              while trying to render route "/"
              Scully will exitTypeError: Cannot read property 'undefinedRoute_Config_Data__' of undefined


----------------------------------
Using stored unhandled routes!.
   To discover new routes in the angular app use "npm run scully -- --scanRoutes"
----------------------------------
TypeError: Cannot read property 'undefinedRoute_Config_Data__' of undefined The render plugin "combineStylesAmpPlugin has thrown the below error,
              while trying to render route "/"
              Scully will exit


----------------------------------
Using stored unhandled routes!.
   To discover new routes in the angular app use "npm run scully -- --scanRoutes"
----------------------------------

----------------------------------
Using stored unhandled routes!.
   To discover new routes in the angular app use "npm run scully -- --scanRoutes"
----------------------------------

----------------------------------
Using stored unhandled routes!.
   To discover new routes in the angular app use "npm run scully -- --scanRoutes"
----------------------------------

----------------------------------
Using stored unhandled routes!.
   To discover new routes in the angular app use "npm run scully -- --scanRoutes"
----------------------------------

----------------------------------
Using stored unhandled routes!.
   To discover new routes in the angular app use "npm run scully -- --scanRoutes"
----------------------------------
Error in combineStylesPlugin, didn't parse for route "/"

----------------------------------
Using stored unhandled routes!.
   To discover new routes in the angular app use "npm run scully -- --scanRoutes"
----------------------------------
TypeError: JSDOM is not a constructorError in combineStylesPlugin, didn't parse for route "/"


----------------------------------
Using stored unhandled routes!.
   To discover new routes in the angular app use "npm run scully -- --scanRoutes"
----------------------------------

----------------------------------
Using stored unhandled routes!.
   To discover new routes in the angular app use "npm run scully -- --scanRoutes"
----------------------------------

----------------------------------
Using stored unhandled routes!.
   To discover new routes in the angular app use "npm run scully -- --scanRoutes"
----------------------------------

----------------------------------
Using stored unhandled routes!.
   To discover new routes in the angular app use "npm run scully -- --scanRoutes"
----------------------------------

----------------------------------
Using stored unhandled routes!.
   To discover new routes in the angular app use "npm run scully -- --scanRoutes"
----------------------------------
